
____________________________________________________________________________________________________
Three Address Code:
____________________________________________________________________________________________________
L0:     t0 = 2.3
L1:     d = t0
L2:     t1 = 10
L3:     t2 = 2
L4:     t3 = 2
L5:     t4 = 4
L6:     a = t4

L7: main: 
L8:     t0 = 120
L9:     x = t0
L10:     t1 = 17
L11:     y = t1
L12:     t2 = 'c', d = 'a'
L13:     ch = t2
L14:     t3 = x + y
L15:     i = t3
L16:     t5 = x - y
L17:     j = t5
L18:     t7 = x * y
L19:     k = t7
L20:     t9 = x / y
L21:     l = t9
L22:     t11 = x % y
L23:     m = t11
L24:     t13 = x & y
L25:     n = t13
L26:     t15 = x | y
L27:     o = t15
L28:     t17 = 2
L29:     t18 = i << t17
L30:     y = t18
L31:     t20 = 1
L32:     t21 = i >> t20
L33:     x = t21
L34:     t23 = 0
L35:     return t23
____________________________________________________________________________________________________
____________________________________________________________________________________________________
Table Name: Global			 Parent Name: NULL
____________________________________________________________________________________________________
Name           Type                Initial Value       Size           Offset         Nested
                                                                                                    
d              float               2.3                 8              0              NULL
t0             float               2.3                 8              8              NULL
s              int                 -                   4              16             NULL
w              arr(10,int)         -                   40             20             NULL
t1             int                 10                  4              60             NULL
z              arr(2,arr(2,float)) -                   32             64             NULL
t2             int                 2                   4              96             NULL
t3             int                 2                   4              100            NULL
a              int                 4                   4              104            NULL
t4             int                 4                   4              108            NULL
p              ptr(int)            -                   4              112            NULL
b              int                 -                   4              116            NULL
quotient       void                -                   0              120            quotient
c              char                -                   1              120            NULL
main           void                -                   0              121            main
----------------------------------------------------------------------------------------------------

____________________________________________________________________________________________________
Table Name: quotient			 Parent Name: Global
____________________________________________________________________________________________________
Name           Type                Initial Value       Size           Offset         Nested
                                                                                                    
i              int                 -                   4              0              NULL
d              float               -                   8              4              NULL
----------------------------------------------------------------------------------------------------

____________________________________________________________________________________________________
Table Name: main			 Parent Name: Global
____________________________________________________________________________________________________
Name           Type                Initial Value       Size           Offset         Nested
                                                                                                    
x              int                 120                 4              0              NULL
t0             int                 120                 4              4              NULL
y              int                 17                  4              8              NULL
t1             int                 17                  4              12             NULL
i              int                 -                   4              16             NULL
j              int                 -                   4              20             NULL
k              int                 -                   4              24             NULL
l              int                 -                   4              28             NULL
m              int                 -                   4              32             NULL
n              int                 -                   4              36             NULL
o              int                 -                   4              40             NULL
ch             char                'c', d = 'a'        1              44             NULL
t2             char                'c', d = 'a'        1              45             NULL
t3             int                                     4              46             NULL
t4             int                                     4              50             NULL
t5             int                                     4              54             NULL
t6             int                                     4              58             NULL
t7             int                                     4              62             NULL
t8             int                                     4              66             NULL
t9             int                                     4              70             NULL
t10            int                                     4              74             NULL
t11            int                                     4              78             NULL
t12            int                                     4              82             NULL
t13            int                                     4              86             NULL
t14            int                                     4              90             NULL
t15            int                                     4              94             NULL
t16            int                                     4              98             NULL
t17            int                 2                   4              102            NULL
t18            int                                     4              106            NULL
t19            int                                     4              110            NULL
t20            int                 1                   4              114            NULL
t21            int                                     4              118            NULL
t22            int                                     4              122            NULL
t23            int                 0                   4              126            NULL
----------------------------------------------------------------------------------------------------

