
____________________________________________________________________________________________________
Three Address Code:
____________________________________________________________________________________________________

L0: fib: 
L1:     t0 = 100
L2:     t1 = 0
L3:     t2 = t1 * 4
L4:     t3 = 0
L5:     f[t2] = t3
L6:     t5 = 1
L7:     t6 = t5 * 4
L8:     t7 = 1
L9:     f[t6] = t7
L10:     t9 = 2
L11:     i = t9
L12:     i = n
L13:     t12 = i
L14:     i = i + 1
L15:     goto 12
L16:     t13 = i * 4
L17:     t14 = 1
L18:     t15 = i - t14
L19:     t16 = t15 * 4
L20:     t17 = f[t16]
L21:     t18 = 2
L22:     t19 = i - t18
L23:     t20 = t19 * 4
L24:     t21 = f[t20]
L25:     t22 = t17 + t21
L26:     f[t13] = t22
L27:     if n == 0 goto 30
L28:     goto 16
L29:     goto 13
L30:     t24 = n * 4
L31:     t25 = f[t24]
L32:     return t25

L33: main: 
L34:     t0 = 9
L35:     n = t0
L36:     param n
L37:     t1 = call fib, 1
L38:     fib_num = t1
L39:     t3 = 0
L40:     return t3
____________________________________________________________________________________________________
____________________________________________________________________________________________________
Table Name: Global			 Parent Name: NULL
____________________________________________________________________________________________________
Name           Type                Initial Value       Size           Offset         Nested
                                                                                                    
fib            int                 -                   4              0              fib
main           int                 -                   4              4              main
----------------------------------------------------------------------------------------------------

____________________________________________________________________________________________________
Table Name: fib			 Parent Name: Global
____________________________________________________________________________________________________
Name           Type                Initial Value       Size           Offset         Nested
                                                                                                    
n              int                 -                   4              0              NULL
return         int                 -                   4              4              NULL
f              arr(100,int)        -                   400            8              NULL
t0             int                 100                 4              408            NULL
i              int                 -                   4              412            NULL
t1             int                 0                   4              416            NULL
t2             int                                     4              420            NULL
t3             int                 0                   4              424            NULL
t4             int                                     4              428            NULL
t5             int                 1                   4              432            NULL
t6             int                                     4              436            NULL
t7             int                 1                   4              440            NULL
t8             int                                     4              444            NULL
t9             int                 2                   4              448            NULL
t10            int                                     4              452            NULL
t11            int                                     4              456            NULL
t12            int                                     4              460            NULL
t13            int                                     4              464            NULL
t14            int                 1                   4              468            NULL
t15            int                                     4              472            NULL
t16            int                                     4              476            NULL
t17            int                                     4              480            NULL
t18            int                 2                   4              484            NULL
t19            int                                     4              488            NULL
t20            int                                     4              492            NULL
t21            int                                     4              496            NULL
t22            int                                     4              500            NULL
t23            int                                     4              504            NULL
t24            int                                     4              508            NULL
t25            int                                     4              512            NULL
----------------------------------------------------------------------------------------------------

____________________________________________________________________________________________________
Table Name: main			 Parent Name: Global
____________________________________________________________________________________________________
Name           Type                Initial Value       Size           Offset         Nested
                                                                                                    
return         int                 -                   4              0              NULL
n              int                 9                   4              4              NULL
t0             int                 9                   4              8              NULL
fib_num        int                 -                   4              12             NULL
fib            int                 -                   4              16             NULL
t1             int                                     4              20             NULL
t2             int                                     4              24             NULL
t3             int                 0                   4              28             NULL
----------------------------------------------------------------------------------------------------

