
____________________________________________________________________________________________________
Three Address Code:
____________________________________________________________________________________________________

L0: max: 
L1:     if a > b goto 4
L2:     goto 5
L3:     goto 9
L4:     goto 7
L5:     t0 = b
L6:     goto 9
L7:     t0 = a
L8:     goto 9
L9:     ans = t0
L10:     return ans
L11:     t0 = 100

L12: func: 
L13:     t1 = 100
L14:     t2 = 0
L15:     t3 = t2 * 4
L16:     t4 = 0
L17:     val[t3] = t4
L18:     t6 = 10000
L19:     max_val = t6
L20:     t7 = 1
L21:     i = t7
L22:     i = n
L23:     t10 = i
L24:     i = i + 1
L25:     goto 22
L26:     t11 = 0
L27:     j = t11
L28:     if j < i goto 33
L29:     goto 46
L30:     t13 = j
L31:     j = j + 1
L32:     goto 28
L33:     param max_val
L34:     t14 = j * 4
L35:     t15 = price[t14]
L36:     t16 = i - j
L37:     t17 = 1
L38:     t18 = t16 - t17
L39:     t19 = t18 * 4
L40:     t20 = val[t19]
L41:     t21 = t15 + t20
L42:     param t21
L43:     t22 = call max, 2
L44:     max_val = t22
L45:     goto 30
L46:     t24 = i * 4
L47:     val[t24] = max_val
L48:     if n == 0 goto 51
L49:     goto 26
L50:     goto 23
L51:     t26 = n * 4
L52:     t27 = val[t26]
L53:     return t27

L54: main: 
L55:     t0 = 'a',b='x'
L56:     c = t0
L57:     t1 = 100
L58:     t2 = 100
L59:     n = t2
L60:     t3 = 0
L61:     i = t3
L62:     if i < n goto 67
L63:     goto 70
L64:     t5 = i
L65:     i = i + 1
L66:     goto 62
L67:     t6 = i * 4
L68:     arr[t6] = i
L69:     goto 64
L70:     t8 = 0
L71:     ans = t8
L72:     param arr
L73:     param size
L74:     t9 = call func, 2
L75:     ans = t9
L76:     t11 = 0
L77:     return t11
____________________________________________________________________________________________________
____________________________________________________________________________________________________
Table Name: Global			 Parent Name: NULL
____________________________________________________________________________________________________
Name           Type                Initial Value       Size           Offset         Nested
                                                                                                    
max            int                 -                   4              0              max
func           int                 -                   4              4              func
main           int                 -                   4              8              main
----------------------------------------------------------------------------------------------------

____________________________________________________________________________________________________
Table Name: max			 Parent Name: Global
____________________________________________________________________________________________________
Name           Type                Initial Value       Size           Offset         Nested
                                                                                                    
a              int                 -                   4              0              NULL
b              int                 -                   4              4              NULL
return         int                 -                   4              8              NULL
ans            int                 -                   4              12             NULL
t0             int                                     4              16             NULL
----------------------------------------------------------------------------------------------------

____________________________________________________________________________________________________
Table Name: func			 Parent Name: Global
____________________________________________________________________________________________________
Name           Type                Initial Value       Size           Offset         Nested
                                                                                                    
price          arr(100,int)        -                   400            0              NULL
t0             int                 100                 4              400            NULL
n              int                 -                   4              404            NULL
return         int                 -                   4              408            NULL
val            arr(100,int)        -                   400            412            NULL
t1             int                 100                 4              812            NULL
t2             int                 0                   4              816            NULL
t3             int                                     4              820            NULL
t4             int                 0                   4              824            NULL
t5             int                                     4              828            NULL
i              int                 -                   4              832            NULL
j              int                 -                   4              836            NULL
max_val        int                 10000               4              840            NULL
t6             int                 10000               4              844            NULL
t7             int                 1                   4              848            NULL
t8             int                                     4              852            NULL
t9             int                                     4              856            NULL
t10            int                                     4              860            NULL
t11            int                 0                   4              864            NULL
t12            int                                     4              868            NULL
t13            int                                     4              872            NULL
max            int                 -                   4              876            NULL
t14            int                                     4              880            NULL
t15            int                                     4              884            NULL
t16            int                                     4              888            NULL
t17            int                 1                   4              892            NULL
t18            int                                     4              896            NULL
t19            int                                     4              900            NULL
t20            int                                     4              904            NULL
t21            int                                     4              908            NULL
t22            int                                     4              912            NULL
t23            int                                     4              916            NULL
t24            int                                     4              920            NULL
t25            int                                     4              924            NULL
t26            int                                     4              928            NULL
t27            int                                     4              932            NULL
----------------------------------------------------------------------------------------------------

____________________________________________________________________________________________________
Table Name: main			 Parent Name: Global
____________________________________________________________________________________________________
Name           Type                Initial Value       Size           Offset         Nested
                                                                                                    
return         int                 -                   4              0              NULL
c              char                'a',b='x'           1              4              NULL
t0             char                'a',b='x'           1              5              NULL
arr            arr(100,int)        -                   400            6              NULL
t1             int                 100                 4              406            NULL
i              int                 -                   4              410            NULL
n              int                 100                 4              414            NULL
t2             int                 100                 4              418            NULL
t3             int                 0                   4              422            NULL
t4             int                                     4              426            NULL
t5             int                                     4              430            NULL
t6             int                                     4              434            NULL
t7             int                                     4              438            NULL
ans            int                 0                   4              442            NULL
t8             int                 0                   4              446            NULL
func           int                 -                   4              450            NULL
size           int                 -                   4              454            NULL
t9             int                                     4              458            NULL
t10            int                                     4              462            NULL
t11            int                 0                   4              466            NULL
----------------------------------------------------------------------------------------------------

